----------------
IN: 
Priv: 3; Virt: 0
0x0000000000001000:  00000297          auipc                   t0,0                    # 0x1000
0x0000000000001004:  02828613          addi                    a2,t0,40
0x0000000000001008:  f1402573          csrrs                   a0,mhartid,zero

 V      =   0
 pc       0000000000001000
 mhartid  0000000000000000
 mstatus  0000000a00000000
 hstatus  0000000200000000
 vsstatus 0000000a00000000
 mip      0000000000000080
 mie      0000000000000000
 mideleg  0000000000000000
 hideleg  0000000000000000
 medeleg  0000000000000000
 hedeleg  0000000000000000
 mtvec    0000000000000000
 stvec    0000000000000000
 vstvec   0000000000000000
 mepc     0000000000000000
 sepc     0000000000000000
 vsepc    0000000000000000
 mcause   0000000000000000
 scause   0000000000000000
 vscause  0000000000000000
 mtval    0000000000000000
 stval    0000000000000000
 htval    0000000000000000
 mtval2   0000000000000000
 mscratch 0000000000000000
 sscratch 0000000000000000
 satp     0000000000000000
 x0/zero  0000000000000000 x1/ra    0000000000000000 x2/sp    0000000000000000 x3/gp    0000000000000000
 x4/tp    0000000000000000 x5/t0    0000000000000000 x6/t1    0000000000000000 x7/t2    0000000000000000
 x8/s0    0000000000000000 x9/s1    0000000000000000 x10/a0   0000000000000000 x11/a1   0000000000000000
 x12/a2   0000000000000000 x13/a3   0000000000000000 x14/a4   0000000000000000 x15/a5   0000000000000000
 x16/a6   0000000000000000 x17/a7   0000000000000000 x18/s2   0000000000000000 x19/s3   0000000000000000
 x20/s4   0000000000000000 x21/s5   0000000000000000 x22/s6   0000000000000000 x23/s7   0000000000000000
 x24/s8   0000000000000000 x25/s9   0000000000000000 x26/s10  0000000000000000 x27/s11  0000000000000000
 x28/t3   0000000000000000 x29/t4   0000000000000000 x30/t5   0000000000000000 x31/t6   0000000000000000
----------------
IN: 
Priv: 3; Virt: 0
0x000000000000100c:  0202b583          ld                      a1,32(t0)
0x0000000000001010:  0182b283          ld                      t0,24(t0)
0x0000000000001014:  00028067          jr                      t0

 V      =   0
 pc       000000000000100c
 mhartid  0000000000000000
 mstatus  0000000a00000000
 hstatus  0000000200000000
 vsstatus 0000000a00000000
 mip      0000000000000080
 mie      0000000000000000
 mideleg  0000000000001444
 hideleg  0000000000000000
 medeleg  0000000000000000
 hedeleg  0000000000000000
 mtvec    0000000000000000
 stvec    0000000000000000
 vstvec   0000000000000000
 mepc     0000000000000000
 sepc     0000000000000000
 vsepc    0000000000000000
 mcause   0000000000000000
 scause   0000000000000000
 vscause  0000000000000000
 mtval    0000000000000000
 stval    0000000000000000
 htval    0000000000000000
 mtval2   0000000000000000
 mscratch 0000000000000000
 sscratch 0000000000000000
 satp     0000000000000000
 x0/zero  0000000000000000 x1/ra    0000000000000000 x2/sp    0000000000000000 x3/gp    0000000000000000
 x4/tp    0000000000000000 x5/t0    0000000000001000 x6/t1    0000000000000000 x7/t2    0000000000000000
 x8/s0    0000000000000000 x9/s1    0000000000000000 x10/a0   0000000000000000 x11/a1   0000000000000000
 x12/a2   0000000000001028 x13/a3   0000000000000000 x14/a4   0000000000000000 x15/a5   0000000000000000
 x16/a6   0000000000000000 x17/a7   0000000000000000 x18/s2   0000000000000000 x19/s3   0000000000000000
 x20/s4   0000000000000000 x21/s5   0000000000000000 x22/s6   0000000000000000 x23/s7   0000000000000000
 x24/s8   0000000000000000 x25/s9   0000000000000000 x26/s10  0000000000000000 x27/s11  0000000000000000
 x28/t3   0000000000000000 x29/t4   0000000000000000 x30/t5   0000000000000000 x31/t6   0000000000000000
----------------
IN: 
Priv: 3; Virt: 0
0x0000000080000000:  00002517          auipc                   a0,8192                 # 0x80002000
0x0000000080000004:  d8850513          addi                    a0,a0,-632
0x0000000080000008:  00002097          auipc                   ra,8192                 # 0x80002008
0x000000008000000c:  e37080e7          jalr                    ra,ra,-457

 V      =   0
 pc       0000000080000000
 mhartid  0000000000000000
 mstatus  0000000a00000000
 hstatus  0000000200000000
 vsstatus 0000000a00000000
 mip      0000000000000080
 mie      0000000000000000
 mideleg  0000000000001444
 hideleg  0000000000000000
 medeleg  0000000000000000
 hedeleg  0000000000000000
 mtvec    0000000000000000
 stvec    0000000000000000
 vstvec   0000000000000000
 mepc     0000000000000000
 sepc     0000000000000000
 vsepc    0000000000000000
 mcause   0000000000000000
 scause   0000000000000000
 vscause  0000000000000000
 mtval    0000000000000000
 stval    0000000000000000
 htval    0000000000000000
 mtval2   0000000000000000
 mscratch 0000000000000000
 sscratch 0000000000000000
 satp     0000000000000000
 x0/zero  0000000000000000 x1/ra    0000000000000000 x2/sp    0000000000000000 x3/gp    0000000000000000
 x4/tp    0000000000000000 x5/t0    0000000080000000 x6/t1    0000000000000000 x7/t2    0000000000000000
 x8/s0    0000000000000000 x9/s1    0000000000000000 x10/a0   0000000000000000 x11/a1   0000000087e00000
 x12/a2   0000000000001028 x13/a3   0000000000000000 x14/a4   0000000000000000 x15/a5   0000000000000000
 x16/a6   0000000000000000 x17/a7   0000000000000000 x18/s2   0000000000000000 x19/s3   0000000000000000
 x20/s4   0000000000000000 x21/s5   0000000000000000 x22/s6   0000000000000000 x23/s7   0000000000000000
 x24/s8   0000000000000000 x25/s9   0000000000000000 x26/s10  0000000000000000 x27/s11  0000000000000000
 x28/t3   0000000000000000 x29/t4   0000000000000000 x30/t5   0000000000000000 x31/t6   0000000000000000
----------------
IN: 
Priv: 3; Virt: 0
0x0000000080001e3e:  aa80              fsd                     fs0,16(a3)

 V      =   0
 pc       0000000080001e3e
 mhartid  0000000000000000
 mstatus  0000000a00000000
 hstatus  0000000200000000
 vsstatus 0000000a00000000
 mip      0000000000000080
 mie      0000000000000000
 mideleg  0000000000001444
 hideleg  0000000000000000
 medeleg  0000000000000000
 hedeleg  0000000000000000
 mtvec    0000000000000000
 stvec    0000000000000000
 vstvec   0000000000000000
 mepc     0000000000000000
 sepc     0000000000000000
 vsepc    0000000000000000
 mcause   0000000000000000
 scause   0000000000000000
 vscause  0000000000000000
 mtval    0000000000000000
 stval    0000000000000000
 htval    0000000000000000
 mtval2   0000000000000000
 mscratch 0000000000000000
 sscratch 0000000000000000
 satp     0000000000000000
 x0/zero  0000000000000000 x1/ra    0000000080000010 x2/sp    0000000000000000 x3/gp    0000000000000000
 x4/tp    0000000000000000 x5/t0    0000000080000000 x6/t1    0000000000000000 x7/t2    0000000000000000
 x8/s0    0000000000000000 x9/s1    0000000000000000 x10/a0   0000000080001d88 x11/a1   0000000087e00000
 x12/a2   0000000000001028 x13/a3   0000000000000000 x14/a4   0000000000000000 x15/a5   0000000000000000
 x16/a6   0000000000000000 x17/a7   0000000000000000 x18/s2   0000000000000000 x19/s3   0000000000000000
 x20/s4   0000000000000000 x21/s5   0000000000000000 x22/s6   0000000000000000 x23/s7   0000000000000000
 x24/s8   0000000000000000 x25/s9   0000000000000000 x26/s10  0000000000000000 x27/s11  0000000000000000
 x28/t3   0000000000000000 x29/t4   0000000000000000 x30/t5   0000000000000000 x31/t6   0000000000000000
